<?xml version="1.0" encoding="UTF-8"?>
<!-- Generated by org.testng.reporters.JUnitReportReporter -->
<testsuite hostname="DESKTOP-UFSS8DA" failures="0" tests="4" name="TestCases.LoginTest" time="68.289" errors="0" timestamp="2025-03-24T16:51:07 IST" skipped="0">
  <testcase classname="TestCases.LoginTest" name="testValidLogin" time="17.515"/>
  <system-out/>
  <testcase classname="TestCases.LoginTest" name="testValidLogin" time="24.389"/>
  <system-out/>
  <testcase classname="TestCases.LoginTest" name="testInvalidLogin" time="11.467"/>
  <system-out/>
  <testcase classname="TestCases.LoginTest" name="testInvalidLogin" time="14.918"/>
  <system-out/>
</testsuite> <!-- TestCases.LoginTest -->
