<?xml version="1.0" encoding="UTF-8"?>
<!-- Generated by org.testng.reporters.JUnitReportReporter -->
<testsuite hostname="DESKTOP-UFSS8DA" failures="0" tests="2" name="TestCases.AboutUsTest" time="23.230" errors="0" timestamp="2025-03-22T14:06:31 IST" skipped="0">
  <testcase classname="TestCases.AboutUsTest" name="testAboutUsNavigation" time="15.608"/>
  <system-out/>
  <testcase classname="TestCases.AboutUsTest" name="testAboutUsNavigation" time="7.622"/>
  <system-out/>
</testsuite> <!-- TestCases.AboutUsTest -->
