<?xml version="1.0" encoding="UTF-8"?>
<!-- Generated by org.testng.reporters.JUnitReportReporter -->
<testsuite hostname="DESKTOP-UFSS8DA" failures="0" tests="2" name="TestCases.ContactTest" time="26.268" errors="0" timestamp="2025-03-22T14:06:31 IST" skipped="0">
  <testcase classname="TestCases.ContactTest" name="testSubmitContactForm" time="10.643"/>
  <system-out/>
  <testcase classname="TestCases.ContactTest" name="testSubmitContactForm" time="15.625"/>
  <system-out/>
</testsuite> <!-- TestCases.ContactTest -->
