<?xml version="1.0" encoding="UTF-8"?>
<!-- Generated by org.testng.reporters.JUnitReportReporter -->
<testsuite hostname="DESKTOP-UFSS8DA" failures="0" tests="2" name="MyRunner.signUpRunner" time="15.227" errors="0" timestamp="2025-03-22T14:06:31 IST" skipped="0">
  <testcase classname="MyRunner.signUpRunner" name="runScenario" time="6.462"/>
  <system-out/>
  <testcase classname="MyRunner.signUpRunner" name="runScenario" time="8.765"/>
  <system-out/>
</testsuite> <!-- MyRunner.signUpRunner -->
