<?xml version="1.0" encoding="UTF-8"?>
<!-- Generated by org.testng.reporters.JUnitReportReporter -->
<testsuite hostname="DESKTOP-UFSS8DA" failures="0" tests="2" name="TestCases.AboutUsTest" time="31.011" errors="0" timestamp="2025-03-24T09:28:51 IST" skipped="0">
  <testcase classname="TestCases.AboutUsTest" name="testAboutUsNavigation" time="10.712"/>
  <system-out/>
  <testcase classname="TestCases.AboutUsTest" name="testAboutUsNavigation" time="20.299"/>
  <system-out/>
</testsuite> <!-- TestCases.AboutUsTest -->
