<?xml version="1.0" encoding="UTF-8"?>
<!-- Generated by org.testng.reporters.JUnitReportReporter -->
<testsuite hostname="DESKTOP-UFSS8DA" failures="0" tests="2" name="TestCases.ContactTest" time="22.948" errors="0" timestamp="2025-03-24T16:51:07 IST" skipped="0">
  <testcase classname="TestCases.ContactTest" name="testSubmitContactForm" time="14.561"/>
  <system-out/>
  <testcase classname="TestCases.ContactTest" name="testSubmitContactForm" time="8.387"/>
  <system-out/>
</testsuite> <!-- TestCases.ContactTest -->
