<?xml version="1.0" encoding="UTF-8"?>
<!-- Generated by org.testng.reporters.JUnitReportReporter -->
<testsuite hostname="DESKTOP-UFSS8DA" failures="0" tests="2" name="TestCases.CartTest" time="6.783" errors="0" timestamp="2025-03-21T11:36:53 IST" skipped="0">
  <testcase classname="TestCases.CartTest" name="testOpenCart" time="5.204"/>
  <system-out/>
  <testcase classname="TestCases.CartTest" name="testPlaceOrder" time="1.579"/>
  <system-out/>
</testsuite> <!-- TestCases.CartTest -->
