<?xml version="1.0" encoding="UTF-8"?>
<!-- Generated by org.testng.reporters.JUnitReportReporter -->
<testsuite hostname="DESKTOP-UFSS8DA" failures="0" tests="2" name="TestCases.AboutUsTest" time="17.544" errors="0" timestamp="2025-03-24T16:51:07 IST" skipped="0">
  <testcase classname="TestCases.AboutUsTest" name="testAboutUsNavigation" time="9.514"/>
  <system-out/>
  <testcase classname="TestCases.AboutUsTest" name="testAboutUsNavigation" time="8.030"/>
  <system-out/>
</testsuite> <!-- TestCases.AboutUsTest -->
