<?xml version="1.0" encoding="UTF-8"?>
<!-- Generated by org.testng.reporters.JUnitReportReporter -->
<testsuite hostname="DESKTOP-UFSS8DA" failures="0" tests="2" name="MyRunner.signUpRunner" time="11.873" errors="0" timestamp="2025-03-24T09:28:51 IST" skipped="0">
  <testcase classname="MyRunner.signUpRunner" name="runScenario" time="6.649"/>
  <system-out/>
  <testcase classname="MyRunner.signUpRunner" name="runScenario" time="5.224"/>
  <system-out/>
</testsuite> <!-- MyRunner.signUpRunner -->
