<?xml version="1.0" encoding="UTF-8"?>
<!-- Generated by org.testng.reporters.JUnitReportReporter -->
<testsuite hostname="DESKTOP-UFSS8DA" failures="0" tests="4" name="TestCases.CartTest" time="9.485" errors="0" timestamp="2025-03-22T14:06:31 IST" skipped="0">
  <testcase classname="TestCases.CartTest" name="testOpenCart" time="1.968"/>
  <system-out/>
  <testcase classname="TestCases.CartTest" name="testOpenCart" time="1.183"/>
  <system-out/>
  <testcase classname="TestCases.CartTest" name="testPlaceOrder" time="1.824"/>
  <system-out/>
  <testcase classname="TestCases.CartTest" name="testPlaceOrder" time="4.510"/>
  <system-out/>
</testsuite> <!-- TestCases.CartTest -->
