<?xml version="1.0" encoding="UTF-8"?>
<!-- Generated by org.testng.reporters.JUnitReportReporter -->
<testsuite hostname="DESKTOP-UFSS8DA" failures="0" tests="4" name="TestCases.CartTest" time="7.455" errors="0" timestamp="2025-03-24T09:28:51 IST" skipped="0">
  <testcase classname="TestCases.CartTest" name="testOpenCart" time="1.869"/>
  <system-out/>
  <testcase classname="TestCases.CartTest" name="testOpenCart" time="1.652"/>
  <system-out/>
  <testcase classname="TestCases.CartTest" name="testPlaceOrder" time="2.398"/>
  <system-out/>
  <testcase classname="TestCases.CartTest" name="testPlaceOrder" time="1.536"/>
  <system-out/>
</testsuite> <!-- TestCases.CartTest -->
