<?xml version="1.0" encoding="UTF-8"?>
<!-- Generated by org.testng.reporters.JUnitReportReporter -->
<testsuite hostname="DESKTOP-UFSS8DA" failures="0" tests="2" name="MyRunner.signUpRunner" time="10.707" errors="0" timestamp="2025-03-24T17:16:34 IST" skipped="0">
  <testcase classname="MyRunner.signUpRunner" name="runScenario" time="5.295"/>
  <system-out/>
  <testcase classname="MyRunner.signUpRunner" name="runScenario" time="5.412"/>
  <system-out/>
</testsuite> <!-- MyRunner.signUpRunner -->
