<?xml version="1.0" encoding="UTF-8"?>
<!-- Generated by org.testng.reporters.JUnitReportReporter -->
<testsuite hostname="DESKTOP-UFSS8DA" failures="0" tests="2" name="TestCases.LoginTest" time="26.764" errors="0" timestamp="2025-03-21T11:36:53 IST" skipped="0">
  <testcase classname="TestCases.LoginTest" name="testValidLogin" time="16.838"/>
  <system-out/>
  <testcase classname="TestCases.LoginTest" name="testInvalidLogin" time="9.926"/>
  <system-out/>
</testsuite> <!-- TestCases.LoginTest -->
