<?xml version="1.0" encoding="UTF-8"?>
<!-- Generated by org.testng.reporters.JUnitReportReporter -->
<testsuite hostname="DESKTOP-UFSS8DA" failures="0" tests="1" name="TestCases.AboutUsTest" time="6.820" errors="0" timestamp="2025-03-21T11:36:53 IST" skipped="0">
  <testcase classname="TestCases.AboutUsTest" name="testAboutUsNavigation" time="6.820"/>
  <system-out/>
</testsuite> <!-- TestCases.AboutUsTest -->
