<?xml version="1.0" encoding="UTF-8"?>
<!-- Generated by org.testng.reporters.JUnitReportReporter -->
<testsuite hostname="DESKTOP-UFSS8DA" failures="0" tests="2" name="TestCases.CategoryTest" time="50.905" errors="0" timestamp="2025-03-24T17:16:34 IST" skipped="0">
  <testcase classname="TestCases.CategoryTest" name="testAddingProductsFromDifferentCategories" time="25.877"/>
  <system-out/>
  <testcase classname="TestCases.CategoryTest" name="testAddingProductsFromDifferentCategories" time="25.028"/>
  <system-out/>
</testsuite> <!-- TestCases.CategoryTest -->
