<?xml version="1.0" encoding="UTF-8"?>
<!-- Generated by org.testng.reporters.JUnitReportReporter -->
<testsuite hostname="DESKTOP-UFSS8DA" failures="0" tests="4" name="TestCases.CartTest" time="5.282" errors="0" timestamp="2025-03-24T16:51:07 IST" skipped="0">
  <testcase classname="TestCases.CartTest" name="testOpenCart" time="1.083"/>
  <system-out/>
  <testcase classname="TestCases.CartTest" name="testOpenCart" time="1.159"/>
  <system-out/>
  <testcase classname="TestCases.CartTest" name="testPlaceOrder" time="1.345"/>
  <system-out/>
  <testcase classname="TestCases.CartTest" name="testPlaceOrder" time="1.695"/>
  <system-out/>
</testsuite> <!-- TestCases.CartTest -->
