<?xml version="1.0" encoding="UTF-8"?>
<!-- Generated by org.testng.reporters.JUnitReportReporter -->
<testsuite hostname="DESKTOP-UFSS8DA" failures="0" tests="2" name="TestCases.ContactTest" time="32.149" errors="0" timestamp="2025-03-24T09:28:51 IST" skipped="0">
  <testcase classname="TestCases.ContactTest" name="testSubmitContactForm" time="14.682"/>
  <system-out/>
  <testcase classname="TestCases.ContactTest" name="testSubmitContactForm" time="17.467"/>
  <system-out/>
</testsuite> <!-- TestCases.ContactTest -->
