<?xml version="1.0" encoding="UTF-8"?>
<!-- Generated by org.testng.reporters.JUnitReportReporter -->
<testsuite hostname="DESKTOP-UFSS8DA" failures="0" tests="4" name="TestCases.LoginTest" time="66.107" errors="0" timestamp="2025-03-24T17:16:34 IST" skipped="0">
  <testcase classname="TestCases.LoginTest" name="testValidLogin" time="25.305"/>
  <system-out/>
  <testcase classname="TestCases.LoginTest" name="testValidLogin" time="20.378"/>
  <system-out/>
  <testcase classname="TestCases.LoginTest" name="testInvalidLogin" time="9.895"/>
  <system-out/>
  <testcase classname="TestCases.LoginTest" name="testInvalidLogin" time="10.529"/>
  <system-out/>
</testsuite> <!-- TestCases.LoginTest -->
