<?xml version="1.0" encoding="UTF-8"?>
<!-- Generated by org.testng.reporters.JUnitReportReporter -->
<testsuite hostname="DESKTOP-UFSS8DA" failures="0" tests="2" name="TestCases.CategoryTest" time="55.186" errors="0" timestamp="2025-03-22T14:06:31 IST" skipped="0">
  <testcase classname="TestCases.CategoryTest" name="testAddingProductsFromDifferentCategories" time="28.595"/>
  <system-out/>
  <testcase classname="TestCases.CategoryTest" name="testAddingProductsFromDifferentCategories" time="26.591"/>
  <system-out/>
</testsuite> <!-- TestCases.CategoryTest -->
