<?xml version="1.0" encoding="UTF-8"?>
<!-- Generated by org.testng.reporters.JUnitReportReporter -->
<testsuite hostname="DESKTOP-UFSS8DA" failures="0" tests="4" name="TestCases.LoginTest" time="76.145" errors="0" timestamp="2025-03-22T14:06:31 IST" skipped="0">
  <testcase classname="TestCases.LoginTest" name="testValidLogin" time="23.941"/>
  <system-out/>
  <testcase classname="TestCases.LoginTest" name="testValidLogin" time="27.173"/>
  <system-out/>
  <testcase classname="TestCases.LoginTest" name="testInvalidLogin" time="9.751"/>
  <system-out/>
  <testcase classname="TestCases.LoginTest" name="testInvalidLogin" time="15.280"/>
  <system-out/>
</testsuite> <!-- TestCases.LoginTest -->
