<?xml version="1.0" encoding="UTF-8"?>
<!-- Generated by org.testng.reporters.JUnitReportReporter -->
<testsuite hostname="DESKTOP-UFSS8DA" failures="0" tests="1" name="TestCases.CategoryTest" time="18.196" errors="0" timestamp="2025-03-21T11:36:53 IST" skipped="0">
  <testcase classname="TestCases.CategoryTest" name="testAddingProductsFromDifferentCategories" time="18.196"/>
  <system-out/>
</testsuite> <!-- TestCases.CategoryTest -->
