<?xml version="1.0" encoding="UTF-8"?>
<!-- Generated by org.testng.reporters.JUnitReportReporter -->
<testsuite hostname="DESKTOP-UFSS8DA" failures="0" tests="4" name="TestCases.LoginTest" time="86.716" errors="0" timestamp="2025-03-24T09:28:50 IST" skipped="0">
  <testcase classname="TestCases.LoginTest" name="testValidLogin" time="24.111"/>
  <system-out/>
  <testcase classname="TestCases.LoginTest" name="testValidLogin" time="25.124"/>
  <system-out/>
  <testcase classname="TestCases.LoginTest" name="testInvalidLogin" time="11.799"/>
  <system-out/>
  <testcase classname="TestCases.LoginTest" name="testInvalidLogin" time="25.682"/>
  <system-out/>
</testsuite> <!-- TestCases.LoginTest -->
