<?xml version="1.0" encoding="UTF-8"?>
<!-- Generated by org.testng.reporters.JUnitReportReporter -->
<testsuite hostname="DESKTOP-UFSS8DA" failures="0" tests="2" name="TestCases.CategoryTest" time="63.760" errors="0" timestamp="2025-03-24T09:28:51 IST" skipped="0">
  <testcase classname="TestCases.CategoryTest" name="testAddingProductsFromDifferentCategories" time="29.404"/>
  <system-out/>
  <testcase classname="TestCases.CategoryTest" name="testAddingProductsFromDifferentCategories" time="34.356"/>
  <system-out/>
</testsuite> <!-- TestCases.CategoryTest -->
