<?xml version="1.0" encoding="UTF-8"?>
<!-- Generated by org.testng.reporters.JUnitReportReporter -->
<testsuite hostname="DESKTOP-UFSS8DA" failures="0" tests="2" name="TestCases.AboutUsTest" time="19.442" errors="0" timestamp="2025-03-24T17:16:34 IST" skipped="0">
  <testcase classname="TestCases.AboutUsTest" name="testAboutUsNavigation" time="8.311"/>
  <system-out/>
  <testcase classname="TestCases.AboutUsTest" name="testAboutUsNavigation" time="11.131"/>
  <system-out/>
</testsuite> <!-- TestCases.AboutUsTest -->
