<?xml version="1.0" encoding="UTF-8"?>
<!-- Generated by org.testng.reporters.JUnitReportReporter -->
<testsuite hostname="DESKTOP-UFSS8DA" failures="0" tests="4" name="TestCases.CartTest" time="5.666" errors="0" timestamp="2025-03-24T17:16:34 IST" skipped="0">
  <testcase classname="TestCases.CartTest" name="testOpenCart" time="1.645"/>
  <system-out/>
  <testcase classname="TestCases.CartTest" name="testOpenCart" time="1.171"/>
  <system-out/>
  <testcase classname="TestCases.CartTest" name="testPlaceOrder" time="1.572"/>
  <system-out/>
  <testcase classname="TestCases.CartTest" name="testPlaceOrder" time="1.278"/>
  <system-out/>
</testsuite> <!-- TestCases.CartTest -->
