<?xml version="1.0" encoding="UTF-8"?>
<!-- Generated by org.testng.reporters.JUnitReportReporter -->
<testsuite hostname="DESKTOP-UFSS8DA" failures="0" tests="2" name="TestCases.ContactTest" time="23.492" errors="0" timestamp="2025-03-24T17:16:34 IST" skipped="0">
  <testcase classname="TestCases.ContactTest" name="testSubmitContactForm" time="14.897"/>
  <system-out/>
  <testcase classname="TestCases.ContactTest" name="testSubmitContactForm" time="8.595"/>
  <system-out/>
</testsuite> <!-- TestCases.ContactTest -->
